Arguments: 
  C:\Program Files\nodejs\node.exe C:\Users\wuweijue\AppData\Roaming\npm\node_modules\yarn\bin\yarn.js add @babel/typescript -D

PATH: 
  C:\Python39\Scripts\;C:\Python39\;D:\Java\jdk-11.0.10\bin;C:\Windows\system32;C:\Windows;C:\Windows\System32\Wbem;C:\Windows\System32\WindowsPowerShell\v1.0\;C:\Windows\System32\OpenSSH\;C:\Program Files\Intel\WiFi\bin\;C:\Program Files\Common Files\Intel\WirelessCommon\;C:\Program Files (x86)\NVIDIA Corporation\PhysX\Common;C:\Program Files\NVIDIA Corporation\NVIDIA NvDLISR;D:\Git\cmd;C:\Program Files\TortoiseGit\bin;C:\WINDOWS\system32;C:\WINDOWS;C:\WINDOWS\System32\Wbem;C:\WINDOWS\System32\WindowsPowerShell\v1.0\;C:\WINDOWS\System32\OpenSSH\;D:\Java\jdk-11.0.10\bin;C:\Program Files\nodejs\;C:\ProgramData\chocolatey\bin;C:\Users\wuweijue\AppData\Local\Microsoft\WindowsApps;D:\Microsoft VS Code\bin;D:\Bandizip\;D:\IntelliJ IDEA 2020.3.2\bin;;D:\program files\Bandzip\;C:\Users\wuweijue\AppData\Roaming\npm\node_modules;C:\Users\wuweijue\AppData\Roaming\npm

Yarn version: 
  1.22.10

Node version: 
  14.17.0

Platform: 
  win32 x64

Trace: 
  Error: https://registry.npmjs.org/@babel%2ftypescript: Not found
      at Request.params.callback [as _callback] (C:\Users\wuweijue\AppData\Roaming\npm\node_modules\yarn\lib\cli.js:66988:18)
      at Request.self.callback (C:\Users\wuweijue\AppData\Roaming\npm\node_modules\yarn\lib\cli.js:140662:22)
      at Request.emit (events.js:376:20)
      at Request.<anonymous> (C:\Users\wuweijue\AppData\Roaming\npm\node_modules\yarn\lib\cli.js:141634:10)
      at Request.emit (events.js:376:20)
      at IncomingMessage.<anonymous> (C:\Users\wuweijue\AppData\Roaming\npm\node_modules\yarn\lib\cli.js:141556:12)
      at Object.onceWrapper (events.js:482:28)
      at IncomingMessage.emit (events.js:388:22)
      at endReadableNT (internal/streams/readable.js:1336:12)
      at processTicksAndRejections (internal/process/task_queues.js:82:21)

npm manifest: 
  {
    "name": "react-draggable-modal",
    "version": "2.0.16",
    "main": "lib/index.js",
    "author": "wuweijue",
    "license": "MIT",
    "keywords": [
      "react",
      "modal",
      "drag",
      "draggable",
      "typescript"
    ],
    "scripts": {
      "dev": "webpack serve --config ./webpack.dev.config",
      "build": "webpack --config ./webpack.prod.config"
    },
    "dependencies": {
      "classnames": "^2.3.1"
    },
    "devDependencies": {
      "@babel/core": "^7.10.4",
      "@babel/preset-env": "^7.14.4",
      "@babel/preset-react": "^7.10.4",
      "@hot-loader/react-dom": "^16.13.0",
      "@types/react": "^17.0.4",
      "@types/react-dom": "^17.0.3",
      "autoprefixer": "^10.2.6",
      "babel-loader": "^8.1.0",
      "clean-webpack-plugin": "^3.0.0",
      "copy-webpack-plugin": "^9.0.0",
      "css-hot-loader": "^1.4.4",
      "css-loader": "^3.6.0",
      "declaration-bundler-webpack-plugin": "^1.0.3",
      "declaration-bundler-webpack4-plugin": "^1.0.6-beta.2",
      "html-webpack-plugin": "^4.3.0",
      "jest": "^26.6.3",
      "less": "^4.1.1",
      "less-loader": "^7.1.1",
      "mini-css-extract-plugin": "^1.6.0",
      "optimize-css-assets-webpack-plugin": "^5.0.3",
      "postcss": "^8.3.0",
      "postcss-loader": "^5.3.0",
      "react": "^16.13.1",
      "react-dom": "^16.13.1",
      "source-map": "^0.7.3",
      "style-loader": "^1.2.1",
      "ts-loader": "6.0.1",
      "typescript": "^4.2.4",
      "url-loader": "^4.1.1",
      "webpack": "^5.38.1",
      "webpack-cli": "^4.7.2",
      "webpack-dev-server": "^3.11.2",
      "webpack-merge": "^5.0.9",
      "webpack-node-externals": "^2.5.0"
    },
    "files": [
      "/lib"
    ]
  }

yarn manifest: 
  No manifest

Lockfile: 
  No lockfile
